Running: /opt/Xilinx/14.7/ISE_DS/ISE/bin/lin64/unwrapped/fuse -intstyle ise -incremental -lib unisims_ver -lib unimacro_ver -lib xilinxcorelib_ver -lib secureip -o /home/justin/Documents/FPGA/Sandbox/pwm/demo/pwm_tb_isim_beh.exe -prj /home/justin/Documents/FPGA/Sandbox/pwm/demo/pwm_tb_beh.prj work.pwm_tb work.glbl 
ISim P.20131013 (signature 0xfbc00daa)
Number of CPUs detected in this system: 2
Turning on mult-threading, number of parallel sub-compilation jobs: 4 
Determining compilation order of HDL files
Analyzing Verilog file "/home/justin/Documents/FPGA/Sandbox/pwm/demo/../pwm.v" into library work
Analyzing Verilog file "/home/justin/Documents/FPGA/Sandbox/pwm/demo/../pwm_tb.v" into library work
Analyzing Verilog file "/opt/Xilinx/14.7/ISE_DS/ISE//verilog/src/glbl.v" into library work
Starting static elaboration
Completed static elaboration
Fuse Memory Usage: 94668 KB
Fuse CPU Usage: 1720 ms
Compiling module pwm
Compiling module pwm_tb
Compiling module glbl
Time Resolution for simulation is 1ps.
Waiting for 4 sub-compilation(s) to finish...
Compiled 3 Verilog Units
Built simulation executable /home/justin/Documents/FPGA/Sandbox/pwm/demo/pwm_tb_isim_beh.exe
Fuse Memory Usage: 392712 KB
Fuse CPU Usage: 1740 ms
GCC CPU Usage: 450 ms
